[35m[Appium][39m Welcome to Appium v1.22.0
[35m[Appium][39m Non-default server args:
[35m[Appium][39m   port: 55331
[35m[Appium][39m   loglevel: info
[35m[Appium][39m   tmpDir: C:\Users\SYAFR_~1\AppData\Local\Temp\\Katalon\Appium\Temp1708476441769
[35m[Appium][39m   chromedriverPort: 55332
[35m[Appium][39m Deprecated server args:
[35m[Appium][39m   [31m--chromedriver-port[39m => --default-capabilities
[35m[Appium][39m Default capabilities, which will be added to each request unless overridden by desired capabilities:
[35m[Appium][39m   chromedriverPort: 55332
[35m[Appium][39m Appium REST http interface listener started on 0.0.0.0:55331
[35m[HTTP][39m [37m-->[39m [37mGET[39m [37m/wd/hub/status[39m
[35m[HTTP][39m [90m{}[39m
[35m[HTTP][39m [37m<-- GET /wd/hub/status [39m[32m200[39m [90m16 ms - 68[39m
[35m[HTTP][39m [90m[39m
[35m[HTTP][39m [37m-->[39m [37mGET[39m [37m/wd/hub/status[39m
[35m[HTTP][39m [90m{}[39m
[35m[HTTP][39m [37m<-- GET /wd/hub/status [39m[32m200[39m [90m4 ms - 68[39m
[35m[HTTP][39m [90m[39m
[35m[HTTP][39m [37m-->[39m [37mPOST[39m [37m/wd/hub/session[39m
[35m[HTTP][39m [90m{"desiredCapabilities":{"appPackage":"com.android.settings","appWaitActivity":"*","deviceId":"","deviceName":"emulator-5554 (sdk_gphone_x86_64 - Android 13)","platform":"ANDROID","appActivity":".Settings","newCommandTimeout":1800,"appWaitforLunch":false,"platformVersion":"13","automationName":"uiautomator2","autoGrantPermissions":true,"platformName":"Android","udid":"emulator-5554","systemPort":8216},"capabilities":{"firstMatch":[{"appium:appActivity":".Settings","appium:appPackage":"com.android.settings","appium:appWaitActivity":"*","appWaitforLunch":false,"appium:autoGrantPermissions":true,"appium:automationName":"uiautomator2","deviceId":"","appium:deviceName":"emulator-5554 (sdk_gphone_x86_64 - Android 13)","appium:newCommandTimeout":1800,"platform":"ANDROID","platformName":"android","appium:platformVersion":"13","appium:systemPort":8216,"appium:udid":"emulator-5554"}]}}[39m
[35m[BaseDriver][39m The following capabilities are not standard capabilities and should have an extension prefix:
[35m[BaseDriver][39m   appWaitforLunch
[35m[BaseDriver][39m   deviceId
[35m[BaseDriver][39m   platform
[35m[BaseDriver][39m   chromedriverPort
[35m[Appium][39m Appium v1.22.0 creating new AndroidUiautomator2Driver (v1.69.0) session
[35m[BaseDriver][39m The following capabilities were provided, but are not recognized by Appium:
[35m[BaseDriver][39m   appWaitforLunch
[35m[BaseDriver][39m   deviceId
[35m[BaseDriver][39m   platform
[35m[BaseDriver][39m Session created with session id: a79dd13c-47ee-4e79-9ba9-9f864352fdc9
[35m[UiAutomator2][39m Starting 'com.android.settings' directly on the device
[35m[ADB][39m Found 3 'build-tools' folders under 'C:\Users\syafr_ohq9dt0\AppData\Local\Android\Sdk' (newest first):
[35m[ADB][39m     C:/Users/syafr_ohq9dt0/AppData/Local/Android/Sdk/build-tools/34.0.0
[35m[ADB][39m     C:/Users/syafr_ohq9dt0/AppData/Local/Android/Sdk/build-tools/34.0.0-rc4
[35m[ADB][39m     C:/Users/syafr_ohq9dt0/AppData/Local/Android/Sdk/build-tools/33.0.2
[35m[ADB][39m Using 'adb.exe' from 'C:\Users\syafr_ohq9dt0\AppData\Local\Android\Sdk\platform-tools\adb.exe'
[35m[AndroidDriver][39m Retrieving device list
[35m[AndroidDriver][39m Using device: emulator-5554
[35m[ADB][39m Using 'adb.exe' from 'C:\Users\syafr_ohq9dt0\AppData\Local\Android\Sdk\platform-tools\adb.exe'
[35m[ADB][39m Getting device platform version
[35m[UiAutomator2][39m Relaxing hidden api policy
[35m[AndroidDriver][39m No app sent in, not parsing package/activity
[35m[ADB][39m Using 'apksigner.jar' from 'C:\Users\syafr_ohq9dt0\AppData\Local\Android\Sdk\build-tools\34.0.0\lib\apksigner.jar'
[35m[ADB][39m 'C:\Users\syafr_ohq9dt0\AppData\Roaming\npm\node_modules\appium\node_modules\appium-uiautomator2-server\apks\appium-uiautomator2-server-v4.24.0.apk' is signed with the default certificate
[35m[ADB][39m 'C:\Users\syafr_ohq9dt0\AppData\Roaming\npm\node_modules\appium\node_modules\appium-uiautomator2-server\apks\appium-uiautomator2-server-debug-androidTest.apk' is signed with the default certificate
[35m[UiAutomator2][39m Server packages are not going to be (re)installed
[35m[ADB][39m Adding packages ["io.appium.settings","io.appium.uiautomator2.server","io.appium.uiautomator2.server.test"] to Doze whitelist
[35m[UiAutomator2][39m Starting UIAutomator2 server 4.24.0
[35m[UiAutomator2][39m Using UIAutomator2 server from 'C:\Users\syafr_ohq9dt0\AppData\Roaming\npm\node_modules\appium\node_modules\appium-uiautomator2-server\apks\appium-uiautomator2-server-v4.24.0.apk' and test from 'C:\Users\syafr_ohq9dt0\AppData\Roaming\npm\node_modules\appium\node_modules\appium-uiautomator2-server\apks\appium-uiautomator2-server-debug-androidTest.apk'
[35m[UiAutomator2][39m Waiting up to 30000ms for UiAutomator2 to be online...
[35m[WD Proxy][39m socket hang up
[35m[WD Proxy][39m socket hang up
[35m[WD Proxy][39m socket hang up
[35m[WD Proxy][39m socket hang up
[35m[WD Proxy][39m socket hang up
[35m[WD Proxy][39m socket hang up
[35m[WD Proxy][39m Determined the downstream protocol as 'W3C'
[35m[AndroidDriver][39m Screen already unlocked, doing nothing
[35m[UiAutomator2][39m Starting 'com.android.settings/.Settings and waiting for 'com.android.settings/*'
[35m[Appium][39m New AndroidUiautomator2Driver session created successfully, session a79dd13c-47ee-4e79-9ba9-9f864352fdc9 added to master session list
[35m[HTTP][39m [37m<-- POST /wd/hub/session [39m[32m200[39m [90m24506 ms - 1310[39m
[35m[HTTP][39m [90m[39m
[35m[HTTP][39m [37m-->[39m [37mGET[39m [37m/wd/hub/session/a79dd13c-47ee-4e79-9ba9-9f864352fdc9[39m
[35m[HTTP][39m [90m{}[39m
[35m[HTTP][39m [37m<-- GET /wd/hub/session/a79dd13c-47ee-4e79-9ba9-9f864352fdc9 [39m[32m200[39m [90m64 ms - 1264[39m
[35m[HTTP][39m [90m[39m
[35m[HTTP][39m [37m-->[39m [37mGET[39m [37m/wd/hub/session/a79dd13c-47ee-4e79-9ba9-9f864352fdc9[39m
[35m[HTTP][39m [90m{}[39m
[35m[HTTP][39m [37m<-- GET /wd/hub/session/a79dd13c-47ee-4e79-9ba9-9f864352fdc9 [39m[32m200[39m [90m106 ms - 1264[39m
[35m[HTTP][39m [90m[39m
[35m[HTTP][39m [37m-->[39m [37mGET[39m [37m/wd/hub/status[39m
[35m[HTTP][39m [90m{}[39m
[35m[HTTP][39m [37m<-- GET /wd/hub/status [39m[32m200[39m [90m3 ms - 68[39m
[35m[HTTP][39m [90m[39m
[35m[HTTP][39m [37m-->[39m [37mPOST[39m [37m/wd/hub/session/a79dd13c-47ee-4e79-9ba9-9f864352fdc9/timeouts[39m
[35m[HTTP][39m [90m{"implicit":60000}[39m
[35m[HTTP][39m [37m<-- POST /wd/hub/session/a79dd13c-47ee-4e79-9ba9-9f864352fdc9/timeouts [39m[32m200[39m [90m8 ms - 14[39m
[35m[HTTP][39m [90m[39m
[35m[HTTP][39m [37m-->[39m [37mGET[39m [37m/wd/hub/session/a79dd13c-47ee-4e79-9ba9-9f864352fdc9/screenshot[39m
[35m[HTTP][39m [90m{}[39m
[35m[HTTP][39m [37m<-- GET /wd/hub/session/a79dd13c-47ee-4e79-9ba9-9f864352fdc9/screenshot [39m[32m200[39m [90m1122 ms - 30556[39m
[35m[HTTP][39m [90m[39m
[35m[HTTP][39m [37m-->[39m [37mGET[39m [37m/wd/hub/session/a79dd13c-47ee-4e79-9ba9-9f864352fdc9/window/rect[39m
[35m[HTTP][39m [90m{}[39m
[35m[HTTP][39m [37m<-- GET /wd/hub/session/a79dd13c-47ee-4e79-9ba9-9f864352fdc9/window/rect [39m[32m200[39m [90m64 ms - 50[39m
[35m[HTTP][39m [90m[39m
[35m[HTTP][39m [37m-->[39m [37mGET[39m [37m/wd/hub/session/a79dd13c-47ee-4e79-9ba9-9f864352fdc9/appium/device/system_bars[39m
[35m[HTTP][39m [90m{}[39m
[35m[HTTP][39m [37m<-- GET /wd/hub/session/a79dd13c-47ee-4e79-9ba9-9f864352fdc9/appium/device/system_bars [39m[32m200[39m [90m292 ms - 145[39m
[35m[HTTP][39m [90m[39m
[35m[HTTP][39m [37m-->[39m [37mPOST[39m [37m/wd/hub/session/a79dd13c-47ee-4e79-9ba9-9f864352fdc9/appium/device/activate_app[39m
[35m[HTTP][39m [90m{"bundleId":"id.binar.fp.secondhand"}[39m
[35m[HTTP][39m [37m<-- POST /wd/hub/session/a79dd13c-47ee-4e79-9ba9-9f864352fdc9/appium/device/activate_app [39m[32m200[39m [90m1240 ms - 14[39m
[35m[HTTP][39m [90m[39m
[35m[HTTP][39m [37m-->[39m [37mGET[39m [37m/wd/hub/session/a79dd13c-47ee-4e79-9ba9-9f864352fdc9/source[39m
[35m[HTTP][39m [90m{}[39m
[35m[W3C (a79dd13c)][39m Driver proxy active, passing request on via HTTP proxy
[35m[WD Proxy][39m Replacing sessionId 23865e4e-40b3-4d3f-8848-576d1a8bca04 with a79dd13c-47ee-4e79-9ba9-9f864352fdc9
[35m[HTTP][39m [37m<-- GET /wd/hub/session/a79dd13c-47ee-4e79-9ba9-9f864352fdc9/source [39m[32m200[39m [90m12121 ms - 40215[39m
[35m[HTTP][39m [90m[39m
[35m[HTTP][39m [37m-->[39m [37mGET[39m [37m/wd/hub/session/a79dd13c-47ee-4e79-9ba9-9f864352fdc9/screenshot[39m
[35m[HTTP][39m [90m{}[39m
[35m[HTTP][39m [37m<-- GET /wd/hub/session/a79dd13c-47ee-4e79-9ba9-9f864352fdc9/screenshot [39m[32m200[39m [90m1574 ms - 824794[39m
[35m[HTTP][39m [90m[39m
[35m[HTTP][39m [37m-->[39m [37mGET[39m [37m/wd/hub/session/a79dd13c-47ee-4e79-9ba9-9f864352fdc9/source[39m
[35m[HTTP][39m [90m{}[39m
[35m[W3C (a79dd13c)][39m Driver proxy active, passing request on via HTTP proxy
[35m[WD Proxy][39m Replacing sessionId 23865e4e-40b3-4d3f-8848-576d1a8bca04 with a79dd13c-47ee-4e79-9ba9-9f864352fdc9
[35m[HTTP][39m [37m<-- GET /wd/hub/session/a79dd13c-47ee-4e79-9ba9-9f864352fdc9/source [39m[32m200[39m [90m286 ms - 39388[39m
[35m[HTTP][39m [90m[39m
[35m[HTTP][39m [37m-->[39m [37mGET[39m [37m/wd/hub/session/a79dd13c-47ee-4e79-9ba9-9f864352fdc9/screenshot[39m
[35m[HTTP][39m [90m{}[39m
[35m[HTTP][39m [37m<-- GET /wd/hub/session/a79dd13c-47ee-4e79-9ba9-9f864352fdc9/screenshot [39m[32m200[39m [90m1179 ms - 1095840[39m
[35m[HTTP][39m [90m[39m
[35m[HTTP][39m [37m-->[39m [37mGET[39m [37m/wd/hub/session/a79dd13c-47ee-4e79-9ba9-9f864352fdc9/source[39m
[35m[HTTP][39m [90m{}[39m
[35m[W3C (a79dd13c)][39m Driver proxy active, passing request on via HTTP proxy
[35m[WD Proxy][39m Replacing sessionId 23865e4e-40b3-4d3f-8848-576d1a8bca04 with a79dd13c-47ee-4e79-9ba9-9f864352fdc9
[35m[HTTP][39m [37m<-- GET /wd/hub/session/a79dd13c-47ee-4e79-9ba9-9f864352fdc9/source [39m[32m200[39m [90m322 ms - 29758[39m
[35m[HTTP][39m [90m[39m
[35m[HTTP][39m [37m-->[39m [37mGET[39m [37m/wd/hub/session/a79dd13c-47ee-4e79-9ba9-9f864352fdc9/screenshot[39m
[35m[HTTP][39m [90m{}[39m
[35m[HTTP][39m [37m<-- GET /wd/hub/session/a79dd13c-47ee-4e79-9ba9-9f864352fdc9/screenshot [39m[32m200[39m [90m744 ms - 242318[39m
[35m[HTTP][39m [90m[39m
[35m[HTTP][39m [37m-->[39m [37mGET[39m [37m/wd/hub/session/a79dd13c-47ee-4e79-9ba9-9f864352fdc9/source[39m
[35m[HTTP][39m [90m{}[39m
[35m[W3C (a79dd13c)][39m Driver proxy active, passing request on via HTTP proxy
[35m[WD Proxy][39m Replacing sessionId 23865e4e-40b3-4d3f-8848-576d1a8bca04 with a79dd13c-47ee-4e79-9ba9-9f864352fdc9
[35m[HTTP][39m [37m<-- GET /wd/hub/session/a79dd13c-47ee-4e79-9ba9-9f864352fdc9/source [39m[32m200[39m [90m94 ms - 7303[39m
[35m[HTTP][39m [90m[39m
[35m[HTTP][39m [37m-->[39m [37mGET[39m [37m/wd/hub/session/a79dd13c-47ee-4e79-9ba9-9f864352fdc9/screenshot[39m
[35m[HTTP][39m [90m{}[39m
[35m[HTTP][39m [37m<-- GET /wd/hub/session/a79dd13c-47ee-4e79-9ba9-9f864352fdc9/screenshot [39m[32m200[39m [90m566 ms - 234112[39m
[35m[HTTP][39m [90m[39m
[35m[HTTP][39m [37m-->[39m [37mPOST[39m [37m/wd/hub/session/a79dd13c-47ee-4e79-9ba9-9f864352fdc9/elements[39m
[35m[HTTP][39m [90m{"using":"xpath","value":"//*[@class = 'android.widget.Button' and @resource-id = 'id.binar.fp.secondhand:id/btn_camera' and (@text = '' or . = '')]"}[39m
[35m[HTTP][39m [37m<-- POST /wd/hub/session/a79dd13c-47ee-4e79-9ba9-9f864352fdc9/elements [39m[32m200[39m [90m312 ms - 139[39m
[35m[HTTP][39m [90m[39m
[35m[HTTP][39m [37m-->[39m [37mPOST[39m [37m/wd/hub/session/a79dd13c-47ee-4e79-9ba9-9f864352fdc9/timeouts[39m
[35m[HTTP][39m [90m{"implicit":1000}[39m
[35m[HTTP][39m [37m<-- POST /wd/hub/session/a79dd13c-47ee-4e79-9ba9-9f864352fdc9/timeouts [39m[32m200[39m [90m3 ms - 14[39m
[35m[HTTP][39m [90m[39m
[35m[HTTP][39m [37m-->[39m [37mPOST[39m [37m/wd/hub/session/a79dd13c-47ee-4e79-9ba9-9f864352fdc9/elements[39m
[35m[HTTP][39m [90m{"using":"xpath","value":"//*[@class = 'android.widget.Button' and @resource-id = 'id.binar.fp.secondhand:id/btn_camera' and (@text = '' or . = '')]"}[39m
[35m[HTTP][39m [37m<-- POST /wd/hub/session/a79dd13c-47ee-4e79-9ba9-9f864352fdc9/elements [39m[32m200[39m [90m65 ms - 139[39m
[35m[HTTP][39m [90m[39m
[35m[HTTP][39m [37m-->[39m [37mGET[39m [37m/wd/hub/session/a79dd13c-47ee-4e79-9ba9-9f864352fdc9/element/00000000-0000-021c-ffff-ffff000002a1/location[39m
[35m[HTTP][39m [90m{}[39m
[35m[W3C (a79dd13c)][39m Driver proxy active, passing request on via HTTP proxy
[35m[WD Proxy][39m Replacing sessionId 23865e4e-40b3-4d3f-8848-576d1a8bca04 with a79dd13c-47ee-4e79-9ba9-9f864352fdc9
[35m[HTTP][39m [37m<-- GET /wd/hub/session/a79dd13c-47ee-4e79-9ba9-9f864352fdc9/element/00000000-0000-021c-ffff-ffff000002a1/location [39m[32m200[39m [90m45 ms - 78[39m
[35m[HTTP][39m [90m[39m
[35m[HTTP][39m [37m-->[39m [37mGET[39m [37m/wd/hub/session/a79dd13c-47ee-4e79-9ba9-9f864352fdc9/element/00000000-0000-021c-ffff-ffff000002a1/size[39m
[35m[HTTP][39m [90m{}[39m
[35m[W3C (a79dd13c)][39m Driver proxy active, passing request on via HTTP proxy
[35m[WD Proxy][39m Replacing sessionId 23865e4e-40b3-4d3f-8848-576d1a8bca04 with a79dd13c-47ee-4e79-9ba9-9f864352fdc9
[35m[HTTP][39m [37m<-- GET /wd/hub/session/a79dd13c-47ee-4e79-9ba9-9f864352fdc9/element/00000000-0000-021c-ffff-ffff000002a1/size [39m[32m200[39m [90m40 ms - 87[39m
[35m[HTTP][39m [90m[39m
[35m[HTTP][39m [37m-->[39m [37mGET[39m [37m/wd/hub/session/a79dd13c-47ee-4e79-9ba9-9f864352fdc9/source[39m
[35m[HTTP][39m [90m{}[39m
[35m[W3C (a79dd13c)][39m Driver proxy active, passing request on via HTTP proxy
[35m[WD Proxy][39m Replacing sessionId 23865e4e-40b3-4d3f-8848-576d1a8bca04 with a79dd13c-47ee-4e79-9ba9-9f864352fdc9
[35m[HTTP][39m [37m<-- GET /wd/hub/session/a79dd13c-47ee-4e79-9ba9-9f864352fdc9/source [39m[32m200[39m [90m414 ms - 9275[39m
[35m[HTTP][39m [90m[39m
[35m[HTTP][39m [37m-->[39m [37mGET[39m [37m/wd/hub/session/a79dd13c-47ee-4e79-9ba9-9f864352fdc9/screenshot[39m
[35m[HTTP][39m [90m{}[39m
[35m[HTTP][39m [37m<-- GET /wd/hub/session/a79dd13c-47ee-4e79-9ba9-9f864352fdc9/screenshot [39m[32m200[39m [90m1272 ms - 34172[39m
[35m[HTTP][39m [90m[39m
[35m[HTTP][39m [37m-->[39m [37mPOST[39m [37m/wd/hub/session/a79dd13c-47ee-4e79-9ba9-9f864352fdc9/elements[39m
[35m[HTTP][39m [90m{"using":"xpath","value":"//*[@class = 'android.widget.FrameLayout' and @resource-id = 'com.android.camera2:id/bottombar_capture' and (@text = '' or . = '')]"}[39m
[35m[HTTP][39m [37m<-- POST /wd/hub/session/a79dd13c-47ee-4e79-9ba9-9f864352fdc9/elements [39m[32m200[39m [90m400 ms - 139[39m
[35m[HTTP][39m [90m[39m
[35m[HTTP][39m [37m-->[39m [37mPOST[39m [37m/wd/hub/session/a79dd13c-47ee-4e79-9ba9-9f864352fdc9/timeouts[39m
[35m[HTTP][39m [90m{"implicit":1000}[39m
[35m[HTTP][39m [37m<-- POST /wd/hub/session/a79dd13c-47ee-4e79-9ba9-9f864352fdc9/timeouts [39m[32m200[39m [90m4 ms - 14[39m
[35m[HTTP][39m [90m[39m
[35m[HTTP][39m [37m-->[39m [37mPOST[39m [37m/wd/hub/session/a79dd13c-47ee-4e79-9ba9-9f864352fdc9/elements[39m
[35m[HTTP][39m [90m{"using":"xpath","value":"//*[@class = 'android.widget.FrameLayout' and @resource-id = 'com.android.camera2:id/bottombar_capture' and (@text = '' or . = '')]"}[39m
[35m[HTTP][39m [37m<-- POST /wd/hub/session/a79dd13c-47ee-4e79-9ba9-9f864352fdc9/elements [39m[32m200[39m [90m202 ms - 139[39m
[35m[HTTP][39m [90m[39m
[35m[HTTP][39m [37m-->[39m [37mGET[39m [37m/wd/hub/session/a79dd13c-47ee-4e79-9ba9-9f864352fdc9/element/00000000-0000-021e-ffff-ffff0000002f/location[39m
[35m[HTTP][39m [90m{}[39m
[35m[W3C (a79dd13c)][39m Driver proxy active, passing request on via HTTP proxy
[35m[WD Proxy][39m Replacing sessionId 23865e4e-40b3-4d3f-8848-576d1a8bca04 with a79dd13c-47ee-4e79-9ba9-9f864352fdc9
[35m[HTTP][39m [37m<-- GET /wd/hub/session/a79dd13c-47ee-4e79-9ba9-9f864352fdc9/element/00000000-0000-021e-ffff-ffff0000002f/location [39m[32m200[39m [90m160 ms - 77[39m
[35m[HTTP][39m [90m[39m
[35m[HTTP][39m [37m-->[39m [37mGET[39m [37m/wd/hub/session/a79dd13c-47ee-4e79-9ba9-9f864352fdc9/element/00000000-0000-021e-ffff-ffff0000002f/size[39m
[35m[HTTP][39m [90m{}[39m
[35m[W3C (a79dd13c)][39m Driver proxy active, passing request on via HTTP proxy
[35m[WD Proxy][39m Replacing sessionId 23865e4e-40b3-4d3f-8848-576d1a8bca04 with a79dd13c-47ee-4e79-9ba9-9f864352fdc9
[35m[HTTP][39m [37m<-- GET /wd/hub/session/a79dd13c-47ee-4e79-9ba9-9f864352fdc9/element/00000000-0000-021e-ffff-ffff0000002f/size [39m[32m200[39m [90m168 ms - 88[39m
[35m[HTTP][39m [90m[39m
[35m[HTTP][39m [37m-->[39m [37mGET[39m [37m/wd/hub/session/a79dd13c-47ee-4e79-9ba9-9f864352fdc9/source[39m
[35m[HTTP][39m [90m{}[39m
[35m[W3C (a79dd13c)][39m Driver proxy active, passing request on via HTTP proxy
[35m[WD Proxy][39m Replacing sessionId 23865e4e-40b3-4d3f-8848-576d1a8bca04 with a79dd13c-47ee-4e79-9ba9-9f864352fdc9
[35m[HTTP][39m [37m<-- GET /wd/hub/session/a79dd13c-47ee-4e79-9ba9-9f864352fdc9/source [39m[32m200[39m [90m147 ms - 9623[39m
[35m[HTTP][39m [90m[39m
[35m[HTTP][39m [37m-->[39m [37mGET[39m [37m/wd/hub/session/a79dd13c-47ee-4e79-9ba9-9f864352fdc9/screenshot[39m
[35m[HTTP][39m [90m{}[39m
[35m[HTTP][39m [37m<-- GET /wd/hub/session/a79dd13c-47ee-4e79-9ba9-9f864352fdc9/screenshot [39m[32m200[39m [90m1069 ms - 46418[39m
[35m[HTTP][39m [90m[39m
[35m[HTTP][39m [37m-->[39m [37mPOST[39m [37m/wd/hub/session/a79dd13c-47ee-4e79-9ba9-9f864352fdc9/elements[39m
[35m[HTTP][39m [90m{"using":"xpath","value":"//*[@class = 'android.widget.ImageButton' and @resource-id = 'com.android.camera2:id/done_button' and (@text = '' or . = '')]"}[39m
[35m[HTTP][39m [37m<-- POST /wd/hub/session/a79dd13c-47ee-4e79-9ba9-9f864352fdc9/elements [39m[32m200[39m [90m309 ms - 139[39m
[35m[HTTP][39m [90m[39m
[35m[HTTP][39m [37m-->[39m [37mPOST[39m [37m/wd/hub/session/a79dd13c-47ee-4e79-9ba9-9f864352fdc9/timeouts[39m
[35m[HTTP][39m [90m{"implicit":1000}[39m
[35m[HTTP][39m [37m<-- POST /wd/hub/session/a79dd13c-47ee-4e79-9ba9-9f864352fdc9/timeouts [39m[32m200[39m [90m5 ms - 14[39m
[35m[HTTP][39m [90m[39m
[35m[HTTP][39m [37m-->[39m [37mPOST[39m [37m/wd/hub/session/a79dd13c-47ee-4e79-9ba9-9f864352fdc9/elements[39m
[35m[HTTP][39m [90m{"using":"xpath","value":"//*[@class = 'android.widget.ImageButton' and @resource-id = 'com.android.camera2:id/done_button' and (@text = '' or . = '')]"}[39m
[35m[HTTP][39m [37m<-- POST /wd/hub/session/a79dd13c-47ee-4e79-9ba9-9f864352fdc9/elements [39m[32m200[39m [90m317 ms - 139[39m
[35m[HTTP][39m [90m[39m
[35m[HTTP][39m [37m-->[39m [37mGET[39m [37m/wd/hub/session/a79dd13c-47ee-4e79-9ba9-9f864352fdc9/element/00000000-0000-021e-ffff-ffff00000036/location[39m
[35m[HTTP][39m [90m{}[39m
[35m[W3C (a79dd13c)][39m Driver proxy active, passing request on via HTTP proxy
[35m[WD Proxy][39m Replacing sessionId 23865e4e-40b3-4d3f-8848-576d1a8bca04 with a79dd13c-47ee-4e79-9ba9-9f864352fdc9
[35m[HTTP][39m [37m<-- GET /wd/hub/session/a79dd13c-47ee-4e79-9ba9-9f864352fdc9/element/00000000-0000-021e-ffff-ffff00000036/location [39m[32m200[39m [90m59 ms - 79[39m
[35m[HTTP][39m [90m[39m
[35m[HTTP][39m [37m-->[39m [37mGET[39m [37m/wd/hub/session/a79dd13c-47ee-4e79-9ba9-9f864352fdc9/element/00000000-0000-021e-ffff-ffff00000036/size[39m
[35m[HTTP][39m [90m{}[39m
[35m[W3C (a79dd13c)][39m Driver proxy active, passing request on via HTTP proxy
[35m[WD Proxy][39m Replacing sessionId 23865e4e-40b3-4d3f-8848-576d1a8bca04 with a79dd13c-47ee-4e79-9ba9-9f864352fdc9
[35m[HTTP][39m [37m<-- GET /wd/hub/session/a79dd13c-47ee-4e79-9ba9-9f864352fdc9/element/00000000-0000-021e-ffff-ffff00000036/size [39m[32m200[39m [90m136 ms - 87[39m
[35m[HTTP][39m [90m[39m
[35m[BaseDriver][39m Shutting down because we waited 1800 seconds for a command
[35m[Appium][39m Closing session, cause was 'New Command Timeout of 1800 seconds expired. Try customizing the timeout using the 'newCommandTimeout' desired capability'
[35m[Appium][39m Removing session 'a79dd13c-47ee-4e79-9ba9-9f864352fdc9' from our master session list
[35m[UiAutomator2][39m Did not get confirmation UiAutomator2 deleteSession worked; Error was: UnknownError: An unknown server-side error occurred while processing the command. Original error: 'DELETE /' cannot be proxied to UiAutomator2 server because the instrumentation process is not running (probably crashed). Check the server log and/or the logcat output for more details
[35m[UiAutomator2][39m Restoring hidden api policy to the device default configuration
[35m[HTTP][39m [37m-->[39m [37mDELETE[39m [37m/wd/hub/session/a79dd13c-47ee-4e79-9ba9-9f864352fdc9[39m
[35m[HTTP][39m [90m{}[39m
[35m[HTTP][39m [37m<-- DELETE /wd/hub/session/a79dd13c-47ee-4e79-9ba9-9f864352fdc9 [39m[33m404[39m [90m18 ms - 2524[39m
[35m[HTTP][39m [90m[39m
